android/app/build/intermediates/manifest_merge_blame_file/debug/manifest-merger-blame-debug-report.txt
1<?xml version="1.0" encoding="utf-8"?>
2<manifest xmlns:android="http://schemas.android.com/apk/res/android"
3    package="com.realm.freeParking"
4    android:versionCode="1"
5    android:versionName="1.0.0" >
6
7    <uses-sdk
8        android:minSdkVersion="21"
9        android:targetSdkVersion="30" />
10
11    <uses-permission android:name="android.permission.SYSTEM_ALERT_WINDOW" />
11-->src\main\AndroidManifest.xml:4:3-75
11-->src\main\AndroidManifest.xml:4:20-73
12    <uses-permission android:name="android.permission.INTERNET" />
12-->src\main\AndroidManifest.xml:2:3-64
12-->src\main\AndroidManifest.xml:2:20-62
13    <uses-permission android:name="android.permission.READ_EXTERNAL_STORAGE" />
13-->src\main\AndroidManifest.xml:3:3-77
13-->src\main\AndroidManifest.xml:3:20-75
14    <uses-permission android:name="android.permission.VIBRATE" />
14-->src\main\AndroidManifest.xml:5:3-63
14-->src\main\AndroidManifest.xml:5:20-61
15    <uses-permission android:name="android.permission.WRITE_EXTERNAL_STORAGE" />
15-->src\main\AndroidManifest.xml:6:3-78
15-->src\main\AndroidManifest.xml:6:20-76
16
17    <queries>
17-->src\main\AndroidManifest.xml:7:3-13:13
18        <intent>
18-->src\main\AndroidManifest.xml:8:5-12:14
19            <action android:name="android.intent.action.VIEW" />
19-->src\main\AndroidManifest.xml:9:7-58
19-->src\main\AndroidManifest.xml:9:15-56
20
21            <category android:name="android.intent.category.BROWSABLE" />
21-->src\main\AndroidManifest.xml:10:7-67
21-->src\main\AndroidManifest.xml:10:17-65
22
23            <data android:scheme="https" />
23-->src\main\AndroidManifest.xml:11:7-37
23-->src\main\AndroidManifest.xml:11:13-35
24        </intent>
25
26        <package android:name="host.exp.exponent" /> <!-- Query open documents -->
26-->[:expo-dev-launcher] AndroidManifest.xml:12:9-53
26-->[:expo-dev-launcher] AndroidManifest.xml:12:18-50
27        <intent>
27-->[:expo-file-system] AndroidManifest.xml:19:9-21:18
28            <action android:name="android.intent.action.OPEN_DOCUMENT_TREE" />
28-->[:expo-file-system] AndroidManifest.xml:20:13-79
28-->[:expo-file-system] AndroidManifest.xml:20:21-76
29        </intent>
30    </queries>
31
32    <uses-permission android:name="android.permission.ACCESS_WIFI_STATE" />
32-->[com.facebook.flipper:flipper:0.54.0] AndroidManifest.xml:16:5-76
32-->[com.facebook.flipper:flipper:0.54.0] AndroidManifest.xml:16:22-73
33    <uses-permission android:name="android.permission.ACCESS_COARSE_LOCATION" />
33-->[:react-native-maps] AndroidManifest.xml:10:5-81
33-->[:react-native-maps] AndroidManifest.xml:10:22-78
34    <uses-permission android:name="android.permission.ACCESS_FINE_LOCATION" />
34-->[:expo-location] AndroidManifest.xml:12:5-79
34-->[:expo-location] AndroidManifest.xml:12:22-76
35    <uses-permission android:name="android.permission.FOREGROUND_SERVICE" /> <!-- Include required permissions for Google Maps API to run. -->
35-->[:expo-location] AndroidManifest.xml:13:5-77
35-->[:expo-location] AndroidManifest.xml:13:22-74
36    <uses-permission android:name="android.permission.ACCESS_NETWORK_STATE" />
36-->[com.google.android.gms:play-services-maps:17.0.0] AndroidManifest.xml:23:5-79
36-->[com.google.android.gms:play-services-maps:17.0.0] AndroidManifest.xml:23:22-76
37
38    <uses-feature
38-->[com.google.android.gms:play-services-maps:17.0.0] AndroidManifest.xml:26:5-28:35
39        android:glEsVersion="0x00020000"
39-->[com.google.android.gms:play-services-maps:17.0.0] AndroidManifest.xml:27:9-41
40        android:required="true" />
40-->[com.google.android.gms:play-services-maps:17.0.0] AndroidManifest.xml:28:9-32
41
42    <uses-permission android:name="com.google.android.finsky.permission.BIND_GET_INSTALL_REFERRER_SERVICE" />
42-->[com.android.installreferrer:installreferrer:1.0] AndroidManifest.xml:9:5-110
42-->[com.android.installreferrer:installreferrer:1.0] AndroidManifest.xml:9:22-107
43    <uses-permission android:name="com.google.android.providers.gsf.permission.READ_GSERVICES" />
43-->[io.nlopez.smartlocation:library:3.2.11] AndroidManifest.xml:15:5-98
43-->[io.nlopez.smartlocation:library:3.2.11] AndroidManifest.xml:15:22-95
44    <uses-permission android:name="com.google.android.gms.permission.ACTIVITY_RECOGNITION" />
44-->[io.nlopez.smartlocation:library:3.2.11] AndroidManifest.xml:16:5-94
44-->[io.nlopez.smartlocation:library:3.2.11] AndroidManifest.xml:16:22-91
45
46    <application
46-->src\main\AndroidManifest.xml:14:3-35:17
47        android:name="com.realm.freeParking.MainApplication"
47-->src\main\AndroidManifest.xml:14:16-47
48        android:allowBackup="true"
48-->src\main\AndroidManifest.xml:14:162-188
49        android:appComponentFactory="androidx.core.app.CoreComponentFactory"
49-->[androidx.core:core:1.3.0] AndroidManifest.xml:24:18-86
50        android:debuggable="true"
51        android:icon="@mipmap/ic_launcher"
51-->src\main\AndroidManifest.xml:14:81-115
52        android:label="@string/app_name"
52-->src\main\AndroidManifest.xml:14:48-80
53        android:roundIcon="@mipmap/ic_launcher_round"
53-->src\main\AndroidManifest.xml:14:116-161
54        android:theme="@style/AppTheme"
54-->src\main\AndroidManifest.xml:14:189-220
55        android:usesCleartextTraffic="true" >
55-->src\main\AndroidManifest.xml:14:221-256
56        <meta-data
56-->src\main\AndroidManifest.xml:15:5-82
57            android:name="expo.modules.updates.ENABLED"
57-->src\main\AndroidManifest.xml:15:16-59
58            android:value="true" />
58-->src\main\AndroidManifest.xml:15:60-80
59        <meta-data
59-->src\main\AndroidManifest.xml:16:5-93
60            android:name="expo.modules.updates.EXPO_SDK_VERSION"
60-->src\main\AndroidManifest.xml:16:16-68
61            android:value="44.0.0" />
61-->src\main\AndroidManifest.xml:16:69-91
62        <meta-data
62-->src\main\AndroidManifest.xml:17:5-105
63            android:name="expo.modules.updates.EXPO_UPDATES_CHECK_ON_LAUNCH"
63-->src\main\AndroidManifest.xml:17:16-80
64            android:value="ALWAYS" />
64-->src\main\AndroidManifest.xml:17:81-103
65        <meta-data
65-->src\main\AndroidManifest.xml:18:5-99
66            android:name="expo.modules.updates.EXPO_UPDATES_LAUNCH_WAIT_MS"
66-->src\main\AndroidManifest.xml:18:16-79
67            android:value="0" />
67-->src\main\AndroidManifest.xml:18:80-97
68        <meta-data
68-->src\main\AndroidManifest.xml:19:5-118
69            android:name="expo.modules.updates.EXPO_UPDATE_URL"
69-->src\main\AndroidManifest.xml:19:16-67
70            android:value="https://exp.host/@anonymous/test" />
70-->src\main\AndroidManifest.xml:19:68-116
71        <meta-data
71-->src\main\AndroidManifest.xml:20:5-119
72            android:name="com.google.android.geo.API_KEY"
72-->src\main\AndroidManifest.xml:20:16-61
73            android:value="AIzaSyC3uxdqftE-sgrPJ9460d58pDivXWCP1-4" />
73-->src\main\AndroidManifest.xml:20:62-117
74
75        <activity
75-->src\main\AndroidManifest.xml:21:5-33:16
76            android:name="com.realm.freeParking.MainActivity"
76-->src\main\AndroidManifest.xml:21:15-43
77            android:configChanges="keyboard|keyboardHidden|orientation|screenSize|uiMode"
77-->src\main\AndroidManifest.xml:21:77-154
78            android:label="@string/app_name"
78-->src\main\AndroidManifest.xml:21:44-76
79            android:launchMode="singleTask"
79-->src\main\AndroidManifest.xml:21:155-186
80            android:screenOrientation="portrait"
80-->src\main\AndroidManifest.xml:21:276-312
81            android:theme="@style/Theme.App.SplashScreen"
81-->src\main\AndroidManifest.xml:21:230-275
82            android:windowSoftInputMode="adjustResize" >
82-->src\main\AndroidManifest.xml:21:187-229
83            <intent-filter>
83-->src\main\AndroidManifest.xml:22:7-25:23
84                <action android:name="android.intent.action.MAIN" />
84-->src\main\AndroidManifest.xml:23:9-60
84-->src\main\AndroidManifest.xml:23:17-58
85
86                <category android:name="android.intent.category.LAUNCHER" />
86-->src\main\AndroidManifest.xml:24:9-68
86-->src\main\AndroidManifest.xml:24:19-66
87            </intent-filter>
88            <intent-filter>
88-->src\main\AndroidManifest.xml:26:7-32:23
89                <action android:name="android.intent.action.VIEW" />
89-->src\main\AndroidManifest.xml:9:7-58
89-->src\main\AndroidManifest.xml:9:15-56
90
91                <category android:name="android.intent.category.DEFAULT" />
91-->src\main\AndroidManifest.xml:28:9-67
91-->src\main\AndroidManifest.xml:28:19-65
92                <category android:name="android.intent.category.BROWSABLE" />
92-->src\main\AndroidManifest.xml:10:7-67
92-->src\main\AndroidManifest.xml:10:17-65
93
94                <data android:scheme="com.realm.freeParking" />
94-->src\main\AndroidManifest.xml:11:7-37
94-->src\main\AndroidManifest.xml:11:13-35
95                <data android:scheme="exp+test" />
95-->src\main\AndroidManifest.xml:11:7-37
95-->src\main\AndroidManifest.xml:11:13-35
96            </intent-filter>
97        </activity>
98        <activity android:name="com.facebook.react.devsupport.DevSettingsActivity" />
98-->src\main\AndroidManifest.xml:34:5-81
98-->src\main\AndroidManifest.xml:34:15-79
99
100        <meta-data
100-->[:expo-dev-launcher] AndroidManifest.xml:16:9-18:37
101            android:name="expo.modules.updates.AUTO_SETUP"
101-->[:expo-dev-launcher] AndroidManifest.xml:17:13-59
102            android:value="false" />
102-->[:expo-dev-launcher] AndroidManifest.xml:18:13-34
103
104        <activity
104-->[:expo-dev-launcher] AndroidManifest.xml:20:9-33:20
105            android:name="expo.modules.devlauncher.launcher.DevLauncherActivity"
105-->[:expo-dev-launcher] AndroidManifest.xml:21:13-81
106            android:launchMode="singleTask"
106-->[:expo-dev-launcher] AndroidManifest.xml:22:13-44
107            android:screenOrientation="portrait"
107-->[:expo-dev-launcher] AndroidManifest.xml:23:13-49
108            android:theme="@style/Theme.DevLauncher.LauncherActivity" >
108-->[:expo-dev-launcher] AndroidManifest.xml:24:13-70
109            <intent-filter>
109-->[:expo-dev-launcher] AndroidManifest.xml:25:13-32:29
110                <action android:name="android.intent.action.VIEW" />
110-->src\main\AndroidManifest.xml:9:7-58
110-->src\main\AndroidManifest.xml:9:15-56
111
112                <category android:name="android.intent.category.DEFAULT" />
112-->src\main\AndroidManifest.xml:28:9-67
112-->src\main\AndroidManifest.xml:28:19-65
113                <category android:name="android.intent.category.BROWSABLE" />
113-->src\main\AndroidManifest.xml:10:7-67
113-->src\main\AndroidManifest.xml:10:17-65
114
115                <data android:scheme="expo-dev-launcher" />
115-->src\main\AndroidManifest.xml:11:7-37
115-->src\main\AndroidManifest.xml:11:13-35
116            </intent-filter>
117        </activity>
118        <activity
118-->[:expo-dev-launcher] AndroidManifest.xml:34:9-37:70
119            android:name="expo.modules.devlauncher.launcher.errors.DevLauncherErrorActivity"
119-->[:expo-dev-launcher] AndroidManifest.xml:35:13-93
120            android:screenOrientation="portrait"
120-->[:expo-dev-launcher] AndroidManifest.xml:36:13-49
121            android:theme="@style/Theme.DevLauncher.ErrorActivity" />
121-->[:expo-dev-launcher] AndroidManifest.xml:37:13-67
122        <activity
122-->[:expo-dev-menu] AndroidManifest.xml:12:9-25:20
123            android:name="expo.modules.devmenu.DevMenuActivity"
123-->[:expo-dev-menu] AndroidManifest.xml:13:13-64
124            android:exported="true"
124-->[:expo-dev-menu] AndroidManifest.xml:14:13-36
125            android:launchMode="singleTask"
125-->[:expo-dev-menu] AndroidManifest.xml:15:13-44
126            android:theme="@style/Theme.AppCompat.Transparent.NoActionBar" >
126-->[:expo-dev-menu] AndroidManifest.xml:16:13-75
127            <intent-filter>
127-->[:expo-dev-menu] AndroidManifest.xml:17:13-24:29
128                <action android:name="android.intent.action.VIEW" />
128-->src\main\AndroidManifest.xml:9:7-58
128-->src\main\AndroidManifest.xml:9:15-56
129
130                <category android:name="android.intent.category.DEFAULT" />
130-->src\main\AndroidManifest.xml:28:9-67
130-->src\main\AndroidManifest.xml:28:19-65
131                <category android:name="android.intent.category.BROWSABLE" />
131-->src\main\AndroidManifest.xml:10:7-67
131-->src\main\AndroidManifest.xml:10:17-65
132
133                <data android:scheme="expo-dev-menu" />
133-->src\main\AndroidManifest.xml:11:7-37
133-->src\main\AndroidManifest.xml:11:13-35
134            </intent-filter>
135        </activity>
136
137        <provider
137-->[:expo-file-system] AndroidManifest.xml:25:9-34:20
138            android:name="expo.modules.filesystem.FileSystemFileProvider"
138-->[:expo-file-system] AndroidManifest.xml:26:13-74
139            android:authorities="com.realm.freeParking.FileSystemFileProvider"
139-->[:expo-file-system] AndroidManifest.xml:27:13-74
140            android:exported="false"
140-->[:expo-file-system] AndroidManifest.xml:28:13-37
141            android:grantUriPermissions="true" >
141-->[:expo-file-system] AndroidManifest.xml:29:13-47
142            <meta-data
142-->[:expo-file-system] AndroidManifest.xml:31:13-33:70
143                android:name="android.support.FILE_PROVIDER_PATHS"
143-->[:expo-file-system] AndroidManifest.xml:32:17-67
144                android:resource="@xml/file_system_provider_paths" />
144-->[:expo-file-system] AndroidManifest.xml:33:17-67
145        </provider>
146
147        <service
147-->[:expo-location] AndroidManifest.xml:16:9-19:56
148            android:name="expo.modules.location.services.LocationTaskService"
148-->[:expo-location] AndroidManifest.xml:17:13-78
149            android:exported="false"
149-->[:expo-location] AndroidManifest.xml:18:13-37
150            android:foregroundServiceType="location" />
150-->[:expo-location] AndroidManifest.xml:19:13-53
151
152        <meta-data
152-->[:expo-modules-core] AndroidManifest.xml:12:9-14:89
153            android:name="org.unimodules.core.AppLoader#react-native-headless"
153-->[:expo-modules-core] AndroidManifest.xml:13:13-79
154            android:value="expo.modules.adapters.react.apploader.RNHeadlessAppLoader" /> <!-- Needs to be explicitly declared on P+ -->
154-->[:expo-modules-core] AndroidManifest.xml:14:13-86
155        <uses-library
155-->[com.google.android.gms:play-services-maps:17.0.0] AndroidManifest.xml:33:9-35:40
156            android:name="org.apache.http.legacy"
156-->[com.google.android.gms:play-services-maps:17.0.0] AndroidManifest.xml:34:13-50
157            android:required="false" />
157-->[com.google.android.gms:play-services-maps:17.0.0] AndroidManifest.xml:35:13-37
158
159        <activity
159-->[com.google.android.gms:play-services-base:17.0.0] AndroidManifest.xml:23:9-26:75
160            android:name="com.google.android.gms.common.api.GoogleApiActivity"
160-->[com.google.android.gms:play-services-base:17.0.0] AndroidManifest.xml:24:13-79
161            android:exported="false"
161-->[com.google.android.gms:play-services-base:17.0.0] AndroidManifest.xml:25:13-37
162            android:theme="@android:style/Theme.Translucent.NoTitleBar" />
162-->[com.google.android.gms:play-services-base:17.0.0] AndroidManifest.xml:26:13-72
163
164        <meta-data
164-->[com.google.android.gms:play-services-basement:17.0.0] AndroidManifest.xml:23:9-25:69
165            android:name="com.google.android.gms.version"
165-->[com.google.android.gms:play-services-basement:17.0.0] AndroidManifest.xml:24:13-58
166            android:value="@integer/google_play_services_version" />
166-->[com.google.android.gms:play-services-basement:17.0.0] AndroidManifest.xml:25:13-66
167
168        <provider
168-->[androidx.lifecycle:lifecycle-process:2.2.0] AndroidManifest.xml:25:9-29:43
169            android:name="androidx.lifecycle.ProcessLifecycleOwnerInitializer"
169-->[androidx.lifecycle:lifecycle-process:2.2.0] AndroidManifest.xml:26:13-79
170            android:authorities="com.realm.freeParking.lifecycle-process"
170-->[androidx.lifecycle:lifecycle-process:2.2.0] AndroidManifest.xml:27:13-69
171            android:exported="false"
171-->[androidx.lifecycle:lifecycle-process:2.2.0] AndroidManifest.xml:28:13-37
172            android:multiprocess="true" />
172-->[androidx.lifecycle:lifecycle-process:2.2.0] AndroidManifest.xml:29:13-40
173
174        <service
174-->[io.nlopez.smartlocation:library:3.2.11] AndroidManifest.xml:19:9-21:40
175            android:name="io.nlopez.smartlocation.activity.providers.ActivityGooglePlayServicesProvider$ActivityRecognitionService"
175-->[io.nlopez.smartlocation:library:3.2.11] AndroidManifest.xml:20:13-132
176            android:exported="false" />
176-->[io.nlopez.smartlocation:library:3.2.11] AndroidManifest.xml:21:13-37
177        <service
177-->[io.nlopez.smartlocation:library:3.2.11] AndroidManifest.xml:22:9-24:40
178            android:name="io.nlopez.smartlocation.geofencing.providers.GeofencingGooglePlayServicesProvider$GeofencingService"
178-->[io.nlopez.smartlocation:library:3.2.11] AndroidManifest.xml:23:13-127
179            android:exported="false" />
179-->[io.nlopez.smartlocation:library:3.2.11] AndroidManifest.xml:24:13-37
180        <service
180-->[io.nlopez.smartlocation:library:3.2.11] AndroidManifest.xml:25:9-27:40
181            android:name="io.nlopez.smartlocation.geocoding.providers.AndroidGeocodingProvider$AndroidGeocodingService"
181-->[io.nlopez.smartlocation:library:3.2.11] AndroidManifest.xml:26:13-120
182            android:exported="false" />
182-->[io.nlopez.smartlocation:library:3.2.11] AndroidManifest.xml:27:13-37
183    </application>
184
185</manifest>